[debug] [2017-08-30T07:09:17.056Z] ----------------------------------------------------------------------
[debug] [2017-08-30T07:09:17.058Z] Command:       C:\Program Files\nodejs\node.exe C:\Users\USER\AppData\Roaming\npm\node_modules\firebase-tools\bin\firebase deploy
[debug] [2017-08-30T07:09:17.059Z] CLI Version:   3.9.2
[debug] [2017-08-30T07:09:17.059Z] Platform:      win32
[debug] [2017-08-30T07:09:17.059Z] Node Version:  v6.11.2
[debug] [2017-08-30T07:09:17.059Z] Time:          Wed Aug 30 2017 16:09:17 GMT+0900 (대한민국 표준시)
[debug] [2017-08-30T07:09:17.059Z] ----------------------------------------------------------------------
[debug] 
[debug] [2017-08-30T07:09:17.070Z] > command requires scopes: ["email","openid","https://www.googleapis.com/auth/cloudplatformprojects.readonly","https://www.googleapis.com/auth/firebase","https://www.googleapis.com/auth/cloud-platform"]
[debug] [2017-08-30T07:09:17.071Z] > authorizing via signed-in user
[debug] [2017-08-30T07:09:17.074Z] > refreshing access token with scopes: ["email","https://www.googleapis.com/auth/cloud-platform","https://www.googleapis.com/auth/cloudplatformprojects.readonly","https://www.googleapis.com/auth/firebase","openid"]
[debug] [2017-08-30T07:09:17.074Z] >>> HTTP REQUEST POST https://www.googleapis.com/oauth2/v3/token { refresh_token: '1/gNQSqOmis7lJsqI1yPafXSINeqRed6fEzfYIm8qAJaQ',
  client_id: '563584335869-fgrhgmd47bqnekij5i8b5pr03ho849e6.apps.googleusercontent.com',
  client_secret: 'j9iVZfS8kkCEFUPaAeJV0sAi',
  grant_type: 'refresh_token',
  scope: 'email https://www.googleapis.com/auth/cloud-platform https://www.googleapis.com/auth/cloudplatformprojects.readonly https://www.googleapis.com/auth/firebase openid' } 
 Wed Aug 30 2017 16:09:17 GMT+0900 (대한민국 표준시)
[debug] [2017-08-30T07:09:18.103Z] <<< HTTP RESPONSE 200
[debug] [2017-08-30T07:09:18.110Z] >>> HTTP REQUEST GET https://admin.firebase.com/v1/projects/woowaproject  
 Wed Aug 30 2017 16:09:18 GMT+0900 (대한민국 표준시)
[debug] [2017-08-30T07:09:21.163Z] <<< HTTP RESPONSE 200
[debug] [2017-08-30T07:09:21.164Z] >>> HTTP REQUEST GET https://admin.firebase.com/v1/database/woowaproject/tokens  
 Wed Aug 30 2017 16:09:21 GMT+0900 (대한민국 표준시)
[debug] [2017-08-30T07:09:22.705Z] <<< HTTP RESPONSE 200
[info] 
[info] === Deploying to 'woowaproject'...
[info] 
[info] i  deploying functions, hosting
[debug] [2017-08-30T07:09:25.836Z] > [functions] package.json contents: {
  "name": "functions",
  "description": "Cloud Functions for Firebase",
  "dependencies": {
    "firebase-admin": "~4.2.1",
    "firebase-functions": "^0.5.7"
  },
  "private": true
}
[info] i  functions: ensuring necessary APIs are enabled...
[info] i  runtimeconfig: ensuring necessary APIs are enabled...
[debug] [2017-08-30T07:09:25.850Z] >>> HTTP REQUEST GET https://servicemanagement.googleapis.com/v1/services/cloudfunctions.googleapis.com/projectSettings/woowaproject?view=CONSUMER_VIEW  
 Wed Aug 30 2017 16:09:25 GMT+0900 (대한민국 표준시)
[debug] [2017-08-30T07:09:25.851Z] >>> HTTP REQUEST GET https://servicemanagement.googleapis.com/v1/services/runtimeconfig.googleapis.com/projectSettings/woowaproject?view=CONSUMER_VIEW  
 Wed Aug 30 2017 16:09:25 GMT+0900 (대한민국 표준시)
[debug] [2017-08-30T07:09:27.458Z] <<< HTTP RESPONSE 200
[info] +  functions: all necessary APIs are enabled
[debug] [2017-08-30T07:09:27.567Z] <<< HTTP RESPONSE 200
[info] +  runtimeconfig: all necessary APIs are enabled
[debug] [2017-08-30T07:09:27.570Z] >>> HTTP REQUEST GET https://appengine.googleapis.com/v1/apps/woowaproject  
 Wed Aug 30 2017 16:09:27 GMT+0900 (대한민국 표준시)
[debug] [2017-08-30T07:09:27.570Z] >>> HTTP REQUEST GET https://apikeys.googleapis.com/v1/projects/woowaproject/apiKeys  
 Wed Aug 30 2017 16:09:27 GMT+0900 (대한민국 표준시)
[debug] [2017-08-30T07:09:29.112Z] <<< HTTP RESPONSE 200
[debug] [2017-08-30T07:09:29.219Z] <<< HTTP RESPONSE 200
[info] i  functions: preparing functions directory for uploading...
[debug] [2017-08-30T07:09:32.184Z] >>> HTTP REQUEST GET https://runtimeconfig.googleapis.com/v1beta1/projects/woowaproject/configs  
 Wed Aug 30 2017 16:09:32 GMT+0900 (대한민국 표준시)
[debug] [2017-08-30T07:09:32.975Z] <<< HTTP RESPONSE 200
[info] i  functions: packaged functions (2.51 KB) for uploading
[debug] [2017-08-30T07:09:34.741Z] >>> HTTP REQUEST GET https://www.googleapis.com/storage/v1/b/staging.woowaproject.appspot.com  
 Wed Aug 30 2017 16:09:34 GMT+0900 (대한민국 표준시)
[debug] [2017-08-30T07:09:35.240Z] <<< HTTP RESPONSE 200
[debug] [2017-08-30T07:09:35.241Z] >>> HTTP REQUEST POST https://www.googleapis.com/upload/storage/v1/b/staging.woowaproject.appspot.com/o?uploadType=media&name=firebase-functions-source ReadStream {
  _readableState: 
   ReadableState {
     objectMode: false,
     highWaterMark: 65536,
     buffer: BufferList { head: [Object], tail: [Object], length: 1 },
     length: 2574,
     pipes: null,
     pipesCount: 0,
     flowing: null,
     ended: true,
     endEmitted: false,
     reading: false,
     sync: false,
     needReadable: false,
     emittedReadable: true,
     readableListening: false,
     resumeScheduled: false,
     defaultEncoding: 'utf8',
     ranOut: false,
     awaitDrain: 0,
     readingMore: false,
     decoder: null,
     encoding: null },
  readable: true,
  domain: null,
  _events: { end: [Function] },
  _eventsCount: 1,
  _maxListeners: undefined,
  path: 'C:\\Users\\USER\\AppData\\Local\\Temp\\firebase-functions-24316eFG16PFbufuM.zip',
  fd: 5,
  flags: 'r',
  mode: 438,
  start: undefined,
  end: undefined,
  autoClose: true,
  pos: undefined,
  bytesRead: 2574 } 
 Wed Aug 30 2017 16:09:35 GMT+0900 (대한민국 표준시)
[debug] [2017-08-30T07:09:35.926Z] <<< HTTP RESPONSE 200
[info] +  functions: functions folder uploaded successfully
[info] i  hosting: preparing public directory for upload...
[debug] [2017-08-30T07:09:36.729Z] >>> HTTP REQUEST PUT https://deploy.firebase.com/v1/hosting/woowaproject/uploads/-KslyIH7S4EoyZJodwsL?fileCount=147&message=  
 Wed Aug 30 2017 16:09:36 GMT+0900 (대한민국 표준시)
[debug] [2017-08-30T07:09:44.155Z] <<< HTTP RESPONSE 200
[debug] [2017-08-30T07:09:44.155Z] [hosting] .tgz uploaded successfully, waiting for extraction
[info] +  hosting: 147 files uploaded successfully
[info] i  starting release process (may take several minutes)...
[debug] [2017-08-30T07:09:48.993Z] >>> HTTP REQUEST GET https://cloudfunctions.googleapis.com/v1beta2/projects/woowaproject/locations/us-central1/functions  
 Wed Aug 30 2017 16:09:48 GMT+0900 (대한민국 표준시)
[debug] [2017-08-30T07:09:51.001Z] <<< HTTP RESPONSE 200
[info] i  functions: updating function getTagQuery...
[debug] [2017-08-30T07:09:51.009Z] Trigger is: 
[info] i  functions: updating function getUserQuery...
[debug] [2017-08-30T07:09:51.017Z] Trigger is: 
[info] i  functions: updating function handlePostUpload...
[debug] [2017-08-30T07:09:51.020Z] Trigger is: 
[info] i  functions: updating function handleLikeRequest...
[debug] [2017-08-30T07:09:51.027Z] Trigger is: 
[info] i  functions: updating function handleDeleteRequest...
[debug] [2017-08-30T07:09:51.031Z] Trigger is: 
[debug] [2017-08-30T07:09:51.032Z] >>> HTTP REQUEST PUT https://cloudfunctions.googleapis.com/v1beta2/projects/woowaproject/locations/us-central1/functions/getTagQuery { sourceArchiveUrl: 'gs://staging.woowaproject.appspot.com/firebase-functions-source',
  name: 'projects/woowaproject/locations/us-central1/functions/getTagQuery',
  entryPoint: 'getTagQuery',
  timeout: '60s',
  availableMemoryMb: 256,
  eventTrigger: 
   { resource: 'projects/_/instances/woowaproject/refs/tagQuery/{queryId}/tag',
     eventType: 'providers/google.firebase.database/eventTypes/ref.create' } } 
 Wed Aug 30 2017 16:09:51 GMT+0900 (대한민국 표준시)
[debug] [2017-08-30T07:09:51.033Z] >>> HTTP REQUEST PUT https://cloudfunctions.googleapis.com/v1beta2/projects/woowaproject/locations/us-central1/functions/getUserQuery { sourceArchiveUrl: 'gs://staging.woowaproject.appspot.com/firebase-functions-source',
  name: 'projects/woowaproject/locations/us-central1/functions/getUserQuery',
  entryPoint: 'getUserQuery',
  timeout: '60s',
  availableMemoryMb: 256,
  eventTrigger: 
   { resource: 'projects/_/instances/woowaproject/refs/userQuery/{queryId}/uid',
     eventType: 'providers/google.firebase.database/eventTypes/ref.create' } } 
 Wed Aug 30 2017 16:09:51 GMT+0900 (대한민국 표준시)
[debug] [2017-08-30T07:09:51.034Z] >>> HTTP REQUEST PUT https://cloudfunctions.googleapis.com/v1beta2/projects/woowaproject/locations/us-central1/functions/handlePostUpload { sourceArchiveUrl: 'gs://staging.woowaproject.appspot.com/firebase-functions-source',
  name: 'projects/woowaproject/locations/us-central1/functions/handlePostUpload',
  entryPoint: 'handlePostUpload',
  timeout: '60s',
  availableMemoryMb: 256,
  eventTrigger: 
   { resource: 'projects/_/instances/woowaproject/refs/posts/{postId}',
     eventType: 'providers/google.firebase.database/eventTypes/ref.create' } } 
 Wed Aug 30 2017 16:09:51 GMT+0900 (대한민국 표준시)
[debug] [2017-08-30T07:09:51.035Z] >>> HTTP REQUEST PUT https://cloudfunctions.googleapis.com/v1beta2/projects/woowaproject/locations/us-central1/functions/handleLikeRequest { sourceArchiveUrl: 'gs://staging.woowaproject.appspot.com/firebase-functions-source',
  name: 'projects/woowaproject/locations/us-central1/functions/handleLikeRequest',
  entryPoint: 'handleLikeRequest',
  timeout: '60s',
  availableMemoryMb: 256,
  eventTrigger: 
   { resource: 'projects/_/instances/woowaproject/refs/likeRequest/{likeId}',
     eventType: 'providers/google.firebase.database/eventTypes/ref.create' } } 
 Wed Aug 30 2017 16:09:51 GMT+0900 (대한민국 표준시)
[debug] [2017-08-30T07:09:51.035Z] >>> HTTP REQUEST PUT https://cloudfunctions.googleapis.com/v1beta2/projects/woowaproject/locations/us-central1/functions/handleDeleteRequest { sourceArchiveUrl: 'gs://staging.woowaproject.appspot.com/firebase-functions-source',
  name: 'projects/woowaproject/locations/us-central1/functions/handleDeleteRequest',
  entryPoint: 'handleDeleteRequest',
  timeout: '60s',
  availableMemoryMb: 256,
  eventTrigger: 
   { resource: 'projects/_/instances/woowaproject/refs/deleteRequest/{deleteId}',
     eventType: 'providers/google.firebase.database/eventTypes/ref.create' } } 
 Wed Aug 30 2017 16:09:51 GMT+0900 (대한민국 표준시)
[debug] [2017-08-30T07:09:52.236Z] <<< HTTP RESPONSE 200
[debug] [2017-08-30T07:09:52.271Z] <<< HTTP RESPONSE 200
[debug] [2017-08-30T07:09:52.284Z] <<< HTTP RESPONSE 200
[debug] [2017-08-30T07:09:52.317Z] <<< HTTP RESPONSE 200
[debug] [2017-08-30T07:09:52.326Z] <<< HTTP RESPONSE 200
[debug] [2017-08-30T07:09:52.329Z] >>> HTTP REQUEST GET https://cloudfunctions.googleapis.com/v1beta2/projects/woowaproject/locations/us-central1/functions  
 Wed Aug 30 2017 16:09:52 GMT+0900 (대한민국 표준시)
[debug] [2017-08-30T07:09:52.330Z] >>> HTTP REQUEST GET https://cloudfunctions.googleapis.com/v1beta2/operations/d29vd2Fwcm9qZWN0L3VzLWNlbnRyYWwxL2dldFRhZ1F1ZXJ5L3VSNGpwWUZUdTdV  
 Wed Aug 30 2017 16:09:52 GMT+0900 (대한민국 표준시)
[debug] [2017-08-30T07:09:52.335Z] >>> HTTP REQUEST GET https://cloudfunctions.googleapis.com/v1beta2/operations/d29vd2Fwcm9qZWN0L3VzLWNlbnRyYWwxL2dldFVzZXJRdWVyeS9FV3hqU19qREZqWQ  
 Wed Aug 30 2017 16:09:52 GMT+0900 (대한민국 표준시)
[debug] [2017-08-30T07:09:52.336Z] >>> HTTP REQUEST GET https://cloudfunctions.googleapis.com/v1beta2/operations/d29vd2Fwcm9qZWN0L3VzLWNlbnRyYWwxL2hhbmRsZVBvc3RVcGxvYWQvcUU3WXN1NmNHX3c  
 Wed Aug 30 2017 16:09:52 GMT+0900 (대한민국 표준시)
[debug] [2017-08-30T07:09:52.336Z] >>> HTTP REQUEST GET https://cloudfunctions.googleapis.com/v1beta2/operations/d29vd2Fwcm9qZWN0L3VzLWNlbnRyYWwxL2hhbmRsZUxpa2VSZXF1ZXN0L2w4WkNSZDFIVk5r  
 Wed Aug 30 2017 16:09:52 GMT+0900 (대한민국 표준시)
[debug] [2017-08-30T07:09:52.337Z] >>> HTTP REQUEST GET https://cloudfunctions.googleapis.com/v1beta2/operations/d29vd2Fwcm9qZWN0L3VzLWNlbnRyYWwxL2hhbmRsZURlbGV0ZVJlcXVlc3QvSDlTTXZlbURYS0U  
 Wed Aug 30 2017 16:09:52 GMT+0900 (대한민국 표준시)
